2026-04-24 00:49:07,409 INFO o.a.j.u.JMeterUtils: Setting Locale to en_EN
2026-04-24 00:49:07,422 INFO o.a.j.JMeter: Loading user properties from: C:\Users\ASUS\Downloads\apache-jmeter-5.6.3\apache-jmeter-5.6.3\bin\user.properties
2026-04-24 00:49:07,423 INFO o.a.j.JMeter: Loading system properties from: C:\Users\ASUS\Downloads\apache-jmeter-5.6.3\apache-jmeter-5.6.3\bin\system.properties
2026-04-24 00:49:07,427 INFO o.a.j.JMeter: Copyright (c) 1998-2024 The Apache Software Foundation
2026-04-24 00:49:07,427 INFO o.a.j.JMeter: Version 5.6.3
2026-04-24 00:49:07,427 INFO o.a.j.JMeter: java.version=25.0.2
2026-04-24 00:49:07,427 INFO o.a.j.JMeter: java.vm.name=Java HotSpot(TM) 64-Bit Server VM
2026-04-24 00:49:07,428 INFO o.a.j.JMeter: os.name=Windows 11
2026-04-24 00:49:07,428 INFO o.a.j.JMeter: os.arch=amd64
2026-04-24 00:49:07,428 INFO o.a.j.JMeter: os.version=10.0
2026-04-24 00:49:07,428 INFO o.a.j.JMeter: file.encoding=UTF-8
2026-04-24 00:49:07,428 INFO o.a.j.JMeter: java.awt.headless=true
2026-04-24 00:49:07,428 INFO o.a.j.JMeter: Max memory     =1073741824
2026-04-24 00:49:07,428 INFO o.a.j.JMeter: Available Processors =16
2026-04-24 00:49:07,438 INFO o.a.j.JMeter: Default Locale=English (EN)
2026-04-24 00:49:07,438 INFO o.a.j.JMeter: JMeter  Locale=English (EN)
2026-04-24 00:49:07,438 INFO o.a.j.JMeter: JMeterHome=C:\Users\ASUS\Downloads\apache-jmeter-5.6.3\apache-jmeter-5.6.3
2026-04-24 00:49:07,438 INFO o.a.j.JMeter: user.dir  =F:\Capgemini\all-concepts
2026-04-24 00:49:07,438 INFO o.a.j.JMeter: PWD       =F:\Capgemini\all-concepts
2026-04-24 00:49:07,478 INFO o.a.j.JMeter: IP: 192.168.1.34 Name: LAPTOP-R5N22Q9E FullName: 192.168.1.34
2026-04-24 00:49:07,485 INFO o.a.j.JMeter: Setting property 'jmeter.reportgenerator.outputdir' to:'F:\Capgemini\all-concepts\report'
2026-04-24 00:49:07,487 INFO o.a.j.s.FileServer: Default base='F:\Capgemini\all-concepts'
2026-04-24 00:49:07,488 INFO o.a.j.s.FileServer: Set new base='F:\Capgemini\all-concepts'
2026-04-24 00:49:07,639 INFO o.a.j.s.SaveService: Testplan (JMX) version: 2.2. Testlog (JTL) version: 2.2
2026-04-24 00:49:07,653 INFO o.a.j.s.SaveService: Using SaveService properties version 5.0
2026-04-24 00:49:07,655 INFO o.a.j.s.SaveService: Using SaveService properties file encoding UTF-8
2026-04-24 00:49:07,658 INFO o.a.j.s.SaveService: Loading file: parabank_login_test.jmx
2026-04-24 00:49:07,680 INFO o.a.j.p.h.c.CookieManager: Settings: Delete null: true Check: true Allow variable: true Save: false Prefix: COOKIE_
2026-04-24 00:49:07,692 INFO o.a.j.p.h.s.HTTPSamplerBase: Parser for text/html is org.apache.jmeter.protocol.http.parser.LagartoBasedHtmlParser
2026-04-24 00:49:07,692 INFO o.a.j.p.h.s.HTTPSamplerBase: Parser for application/xhtml+xml is org.apache.jmeter.protocol.http.parser.LagartoBasedHtmlParser
2026-04-24 00:49:07,692 INFO o.a.j.p.h.s.HTTPSamplerBase: Parser for application/xml is org.apache.jmeter.protocol.http.parser.LagartoBasedHtmlParser
2026-04-24 00:49:07,692 INFO o.a.j.p.h.s.HTTPSamplerBase: Parser for text/xml is org.apache.jmeter.protocol.http.parser.LagartoBasedHtmlParser
2026-04-24 00:49:07,692 INFO o.a.j.p.h.s.HTTPSamplerBase: Parser for text/vnd.wap.wml is org.apache.jmeter.protocol.http.parser.RegexpHTMLParser
2026-04-24 00:49:07,692 INFO o.a.j.p.h.s.HTTPSamplerBase: Parser for text/css is org.apache.jmeter.protocol.http.parser.CssParser
2026-04-24 00:49:07,698 INFO o.a.j.JMeter: Creating summariser <summary>
2026-04-24 00:49:07,705 INFO o.a.j.r.d.ReportGenerator: ReportGenerator will use for Parsing the separator: ','
2026-04-24 00:49:07,705 INFO o.a.j.r.d.ReportGenerator: Will generate report at end of test from  results file: test.jtl
2026-04-24 00:49:07,705 INFO o.a.j.r.d.ReportGenerator: Reading report generator properties from: C:\Users\ASUS\Downloads\apache-jmeter-5.6.3\apache-jmeter-5.6.3\bin\reportgenerator.properties
2026-04-24 00:49:07,706 INFO o.a.j.r.d.ReportGenerator: Merging with JMeter properties
2026-04-24 00:49:07,708 INFO o.a.j.r.c.ReportGeneratorConfiguration: Property 'jmeter.reportgenerator.temp_dir' not found, using default value 'temp' instead.
2026-04-24 00:49:07,710 INFO o.a.j.r.c.ReportGeneratorConfiguration: Property 'jmeter.reportgenerator.apdex_per_transaction' not found, using default value 'null' instead.
2026-04-24 00:49:07,710 INFO o.a.j.r.c.ReportGeneratorConfiguration: apdex_per_transaction is empty, not APDEX per transaction customization
2026-04-24 00:49:07,710 INFO o.a.j.r.c.ReportGeneratorConfiguration: Property 'jmeter.reportgenerator.sample_filter' not found, using default value 'null' instead.
2026-04-24 00:49:07,710 INFO o.a.j.r.c.ReportGeneratorConfiguration: Property 'jmeter.reportgenerator.report_title' not found, using default value 'null' instead.
2026-04-24 00:49:07,710 INFO o.a.j.r.c.ReportGeneratorConfiguration: Property 'jmeter.reportgenerator.start_date' not found, using default value 'null' instead.
2026-04-24 00:49:07,710 INFO o.a.j.r.c.ReportGeneratorConfiguration: Property 'jmeter.reportgenerator.end_date' not found, using default value 'null' instead.
2026-04-24 00:49:07,710 INFO o.a.j.r.c.ReportGeneratorConfiguration: Property 'jmeter.reportgenerator.date_format' not found, using default value 'null' instead.
2026-04-24 00:49:07,711 INFO o.a.j.r.c.ReportGeneratorConfiguration: Will use date range start date: null, end date: null
2026-04-24 00:49:07,713 INFO o.a.j.r.c.ReportGeneratorConfiguration: Property 'jmeter.reportgenerator.graph.totalTPS.exclude_controllers' not found, using default value 'false' instead.
2026-04-24 00:49:07,713 INFO o.a.j.r.c.ReportGeneratorConfiguration: Property 'jmeter.reportgenerator.graph.activeThreadsOverTime.exclude_controllers' not found, using default value 'false' instead.
2026-04-24 00:49:07,713 INFO o.a.j.r.c.ReportGeneratorConfiguration: Property 'jmeter.reportgenerator.graph.timeVsThreads.exclude_controllers' not found, using default value 'false' instead.
2026-04-24 00:49:07,713 INFO o.a.j.r.c.ReportGeneratorConfiguration: Property 'jmeter.reportgenerator.graph.responseTimeDistribution.exclude_controllers' not found, using default value 'false' instead.
2026-04-24 00:49:07,713 INFO o.a.j.r.c.ReportGeneratorConfiguration: Property 'jmeter.reportgenerator.graph.transactionsPerSecond.exclude_controllers' not found, using default value 'false' instead.
2026-04-24 00:49:07,713 INFO o.a.j.r.c.ReportGeneratorConfiguration: Property 'jmeter.reportgenerator.graph.responseTimePercentiles.exclude_controllers' not found, using default value 'false' instead.
2026-04-24 00:49:07,713 INFO o.a.j.r.c.ReportGeneratorConfiguration: Property 'jmeter.reportgenerator.graph.responseTimePercentilesOverTime.exclude_controllers' not found, using default value 'false' instead.
2026-04-24 00:49:07,713 INFO o.a.j.r.c.ReportGeneratorConfiguration: Property 'jmeter.reportgenerator.graph.responseTimesOverTime.exclude_controllers' not found, using default value 'false' instead.
2026-04-24 00:49:07,714 INFO o.a.j.r.c.ReportGeneratorConfiguration: Property 'jmeter.reportgenerator.graph.connectTimeOverTime.exclude_controllers' not found, using default value 'false' instead.
2026-04-24 00:49:07,714 INFO o.a.j.r.c.ReportGeneratorConfiguration: Property 'jmeter.reportgenerator.graph.latenciesOverTime.exclude_controllers' not found, using default value 'false' instead.
2026-04-24 00:49:07,714 INFO o.a.j.r.c.ReportGeneratorConfiguration: Property 'jmeter.reportgenerator.exporter.json.filters_only_sample_series' not found, using default value 'true' instead.
2026-04-24 00:49:07,714 INFO o.a.j.r.c.ReportGeneratorConfiguration: Property 'jmeter.reportgenerator.exporter.json.series_filter' not found, using default value '' instead.
2026-04-24 00:49:07,714 INFO o.a.j.r.c.ReportGeneratorConfiguration: Property 'jmeter.reportgenerator.exporter.json.show_controllers_only' not found, using default value 'false' instead.
2026-04-24 00:49:07,714 INFO o.a.j.r.c.ReportGeneratorConfiguration: Property 'jmeter.reportgenerator.exporter.html.filters_only_sample_series' not found, using default value 'true' instead.
2026-04-24 00:49:07,714 INFO o.a.j.r.c.ReportGeneratorConfiguration: Property 'jmeter.reportgenerator.exporter.html.series_filter' not found, using default value '' instead.
2026-04-24 00:49:07,714 INFO o.a.j.r.c.ReportGeneratorConfiguration: Property 'jmeter.reportgenerator.exporter.html.show_controllers_only' not found, using default value 'false' instead.
2026-04-24 00:49:07,723 INFO o.a.j.e.StandardJMeterEngine: Running the test!
2026-04-24 00:49:07,723 INFO o.a.j.s.SampleEvent: List of sample_variables: []
2026-04-24 00:49:07,723 INFO o.a.j.s.SampleEvent: List of sample_variables: []
2026-04-24 00:49:07,726 INFO o.a.j.e.u.CompoundVariable: Note: Function class names must contain the string: '.functions.'
2026-04-24 00:49:07,726 INFO o.a.j.e.u.CompoundVariable: Note: Function class names must not contain the string: '.gui.'
2026-04-24 00:49:07,790 INFO o.a.j.JMeter: Running test (1776971947790)
2026-04-24 00:49:07,804 INFO o.a.j.e.StandardJMeterEngine: Starting ThreadGroup: 1 : Users Load
2026-04-24 00:49:07,804 INFO o.a.j.e.StandardJMeterEngine: Starting 5 threads for group Users Load.
2026-04-24 00:49:07,804 INFO o.a.j.e.StandardJMeterEngine: Thread will continue on error
2026-04-24 00:49:07,804 INFO o.a.j.t.ThreadGroup: Starting thread group... number=1 threads=5 ramp-up=5 delayedStart=false
2026-04-24 00:49:07,808 INFO o.a.j.t.ThreadGroup: Started thread group number 1
2026-04-24 00:49:07,808 INFO o.a.j.e.StandardJMeterEngine: All thread groups have been started
2026-04-24 00:49:07,808 INFO o.a.j.t.JMeterThread: Thread started: Users Load 1-1
2026-04-24 00:49:07,819 INFO o.a.j.p.h.s.HTTPHCAbstractImpl: Local host = LAPTOP-R5N22Q9E
2026-04-24 00:49:07,821 INFO o.a.j.p.h.s.HTTPHC4Impl: HTTP request retry count = 0
2026-04-24 00:49:07,822 INFO o.a.j.s.SampleResult: Note: Sample TimeStamps are START times
2026-04-24 00:49:07,822 INFO o.a.j.s.SampleResult: sampleresult.default.encoding is set to UTF-8
2026-04-24 00:49:07,822 INFO o.a.j.s.SampleResult: sampleresult.useNanoTime=true
2026-04-24 00:49:07,822 INFO o.a.j.s.SampleResult: sampleresult.nanoThreadSleep=5000
2026-04-24 00:49:07,876 INFO o.a.j.p.h.s.h.LazyLayeredConnectionSocketFactory: Setting up HTTPS TrustAll Socket Factory
2026-04-24 00:49:07,880 INFO o.a.j.u.JsseSSLManager: Using default SSL protocol: TLS
2026-04-24 00:49:07,880 INFO o.a.j.u.JsseSSLManager: SSL session context: per-thread
2026-04-24 00:49:07,925 INFO o.a.j.u.SSLManager: JmeterKeyStore Location:  type JKS
2026-04-24 00:49:07,927 INFO o.a.j.u.SSLManager: KeyStore created OK
2026-04-24 00:49:07,927 WARN o.a.j.u.SSLManager: Keystore file not found, loading empty keystore
2026-04-24 00:49:08,806 INFO o.a.j.t.JMeterThread: Thread started: Users Load 1-2
2026-04-24 00:49:09,478 WARN o.a.j.p.h.s.HTTPSamplerBase: Existing CookieManager HTTP Cookie Manager superseded by HTTP Cookie Manager
2026-04-24 00:49:09,807 INFO o.a.j.t.JMeterThread: Thread started: Users Load 1-3
2026-04-24 00:49:10,124 WARN o.a.j.p.h.s.HTTPSamplerBase: Existing CookieManager HTTP Cookie Manager superseded by HTTP Cookie Manager
2026-04-24 00:49:10,338 INFO o.a.j.t.JMeterThread: Thread is done: Users Load 1-1
2026-04-24 00:49:10,338 INFO o.a.j.t.JMeterThread: Thread finished: Users Load 1-1
2026-04-24 00:49:10,805 INFO o.a.j.t.JMeterThread: Thread started: Users Load 1-4
2026-04-24 00:49:10,920 INFO o.a.j.t.JMeterThread: Thread is done: Users Load 1-2
2026-04-24 00:49:10,920 INFO o.a.j.t.JMeterThread: Thread finished: Users Load 1-2
2026-04-24 00:49:11,404 WARN o.a.j.p.h.s.HTTPSamplerBase: Existing CookieManager HTTP Cookie Manager superseded by HTTP Cookie Manager
2026-04-24 00:49:11,726 WARN o.a.j.p.h.s.HTTPSamplerBase: Existing CookieManager HTTP Cookie Manager superseded by HTTP Cookie Manager
2026-04-24 00:49:11,806 INFO o.a.j.t.JMeterThread: Thread started: Users Load 1-5
2026-04-24 00:49:12,254 INFO o.a.j.t.JMeterThread: Thread is done: Users Load 1-3
2026-04-24 00:49:12,254 INFO o.a.j.t.JMeterThread: Thread finished: Users Load 1-3
2026-04-24 00:49:12,580 INFO o.a.j.t.JMeterThread: Thread is done: Users Load 1-4
2026-04-24 00:49:12,580 INFO o.a.j.t.JMeterThread: Thread finished: Users Load 1-4
2026-04-24 00:49:12,693 WARN o.a.j.p.h.s.HTTPSamplerBase: Existing CookieManager HTTP Cookie Manager superseded by HTTP Cookie Manager
2026-04-24 00:49:13,506 INFO o.a.j.t.JMeterThread: Thread is done: Users Load 1-5
2026-04-24 00:49:13,506 INFO o.a.j.t.JMeterThread: Thread finished: Users Load 1-5
2026-04-24 00:49:13,507 INFO o.a.j.e.StandardJMeterEngine: Notifying test listeners of end of test
2026-04-24 00:49:13,509 INFO o.a.j.r.Summariser: summary =     20 in 00:00:06 =    3.5/s Avg:   525 Min:   258 Max:  1026 Err:     0 (0.00%)
2026-04-24 00:49:13,509 INFO o.a.j.JMeter: Generating Dashboard
2026-04-24 00:49:13,509 INFO o.a.j.r.d.ReportGenerator: Flushing result collector before report Generation
2026-04-24 00:49:13,536 INFO o.a.j.r.p.NormalizerSampleConsumer: Using format, 'ms', to parse timeStamp field
2026-04-24 00:49:13,585 INFO o.a.j.r.p.AbstractSampleConsumer: class org.apache.jmeter.report.processor.AggregateConsumer#stopProducing(): beginDate produced 0 samples
2026-04-24 00:49:13,585 INFO o.a.j.r.p.AbstractSampleConsumer: class org.apache.jmeter.report.processor.AggregateConsumer#stopProducing(): endDate produced 0 samples
2026-04-24 00:49:13,586 INFO o.a.j.r.p.AbstractSampleConsumer: class org.apache.jmeter.report.processor.ApdexSummaryConsumer#stopProducing(): apdexSummary produced 0 samples
2026-04-24 00:49:13,586 INFO o.a.j.r.p.AbstractSampleConsumer: class org.apache.jmeter.report.processor.RequestsSummaryConsumer#stopProducing(): requestsSummary produced 0 samples
2026-04-24 00:49:13,590 INFO o.a.j.r.p.AbstractSampleConsumer: class org.apache.jmeter.report.processor.StatisticsSummaryConsumer#stopProducing(): statisticsSummary produced 0 samples
2026-04-24 00:49:13,591 INFO o.a.j.r.p.AbstractSampleConsumer: class org.apache.jmeter.report.processor.Top5ErrorsBySamplerConsumer#stopProducing(): top5ErrorsBySampler produced 0 samples
2026-04-24 00:49:13,591 INFO o.a.j.r.p.AbstractSampleConsumer: class org.apache.jmeter.report.processor.ErrorsSummaryConsumer#stopProducing(): errorsSummary produced 0 samples
2026-04-24 00:49:13,591 INFO o.a.j.r.p.AbstractSampleConsumer: class org.apache.jmeter.report.processor.graph.impl.HitsPerSecondGraphConsumer#stopProducing(): hitsPerSecond produced 0 samples
2026-04-24 00:49:13,621 INFO o.a.j.r.p.AbstractSampleConsumer: class org.apache.jmeter.report.processor.graph.impl.LatencyVSRequestGraphConsumer#stopProducing(): latencyVsRequest produced 0 samples
2026-04-24 00:49:13,621 INFO o.a.j.r.p.AbstractSampleConsumer: class org.apache.jmeter.report.processor.graph.impl.SyntheticResponseTimeDistributionGraphConsumer#stopProducing(): syntheticResponseTimeDistribution produced 0 samples
2026-04-24 00:49:13,621 INFO o.a.j.r.p.AbstractSampleConsumer: class org.apache.jmeter.report.processor.graph.impl.BytesThroughputGraphConsumer#stopProducing(): bytesThroughputOverTime produced 0 samples
2026-04-24 00:49:13,621 INFO o.a.j.r.p.AbstractSampleConsumer: class org.apache.jmeter.report.processor.graph.impl.CodesPerSecondGraphConsumer#stopProducing(): codesPerSecond produced 0 samples
2026-04-24 00:49:13,626 INFO o.a.j.r.p.AbstractSampleConsumer: class org.apache.jmeter.report.processor.graph.impl.ResponseTimeVSRequestGraphConsumer#stopProducing(): responseTimeVsRequest produced 0 samples
2026-04-24 00:49:13,627 INFO o.a.j.r.p.AbstractSampleConsumer: class org.apache.jmeter.report.processor.FilterConsumer#stopProducing(): startIntervalControlerFilter produced 280 samples
2026-04-24 00:49:13,627 INFO o.a.j.r.p.AbstractSampleConsumer: class org.apache.jmeter.report.processor.graph.impl.TotalTPSGraphConsumer#stopProducing(): totalTPS produced 0 samples
2026-04-24 00:49:13,627 INFO o.a.j.r.p.AbstractSampleConsumer: class org.apache.jmeter.report.processor.graph.impl.ActiveThreadsGraphConsumer#stopProducing(): activeThreadsOverTime produced 0 samples
2026-04-24 00:49:13,627 INFO o.a.j.r.p.AbstractSampleConsumer: class org.apache.jmeter.report.processor.graph.impl.TimeVSThreadGraphConsumer#stopProducing(): timeVsThreads produced 0 samples
2026-04-24 00:49:13,627 INFO o.a.j.r.p.AbstractSampleConsumer: class org.apache.jmeter.report.processor.graph.impl.ResponseTimeDistributionGraphConsumer#stopProducing(): responseTimeDistribution produced 0 samples
2026-04-24 00:49:13,627 INFO o.a.j.r.p.AbstractSampleConsumer: class org.apache.jmeter.report.processor.graph.impl.TransactionsPerSecondGraphConsumer#stopProducing(): transactionsPerSecond produced 0 samples
2026-04-24 00:49:13,627 INFO o.a.j.r.p.AbstractSampleConsumer: class org.apache.jmeter.report.processor.graph.impl.ResponseTimePercentilesGraphConsumer#stopProducing(): responseTimePercentiles produced 0 samples
2026-04-24 00:49:13,629 INFO o.a.j.r.p.AbstractSampleConsumer: class org.apache.jmeter.report.processor.graph.impl.ResponseTimePercentilesOverTimeGraphConsumer#stopProducing(): responseTimePercentilesOverTime produced 0 samples
2026-04-24 00:49:13,629 INFO o.a.j.r.p.AbstractSampleConsumer: class org.apache.jmeter.report.processor.graph.impl.ResponseTimeOverTimeGraphConsumer#stopProducing(): responseTimesOverTime produced 0 samples
2026-04-24 00:49:13,629 INFO o.a.j.r.p.AbstractSampleConsumer: class org.apache.jmeter.report.processor.graph.impl.ConnectTimeOverTimeGraphConsumer#stopProducing(): connectTimeOverTime produced 0 samples
2026-04-24 00:49:13,629 INFO o.a.j.r.p.AbstractSampleConsumer: class org.apache.jmeter.report.processor.graph.impl.LatencyOverTimeGraphConsumer#stopProducing(): latenciesOverTime produced 0 samples
2026-04-24 00:49:13,629 INFO o.a.j.r.p.AbstractSampleConsumer: class org.apache.jmeter.report.processor.FilterConsumer#stopProducing(): nameFilter produced 600 samples
2026-04-24 00:49:13,629 INFO o.a.j.r.p.AbstractSampleConsumer: class org.apache.jmeter.report.processor.FilterConsumer#stopProducing(): dateRangeFilter produced 120 samples
2026-04-24 00:49:13,629 INFO o.a.j.r.p.AbstractSampleConsumer: class org.apache.jmeter.report.processor.NormalizerSampleConsumer#stopProducing(): normalizer produced 40 samples
2026-04-24 00:49:13,629 INFO o.a.j.r.p.CsvFileSampleSource: produce(): 40 samples produced in 73ms on channel 0
2026-04-24 00:49:13,630 INFO o.a.j.r.d.ReportGenerator: Exporting data using exporter:'json' of className:'org.apache.jmeter.report.dashboard.JsonExporter'
2026-04-24 00:49:13,685 INFO o.a.j.r.d.JsonExporter: Found data for consumer statisticsSummary in context
2026-04-24 00:49:13,685 INFO o.a.j.r.d.JsonExporter: Creating statistics for overall
2026-04-24 00:49:13,685 INFO o.a.j.r.d.JsonExporter: Creating statistics for other transactions
2026-04-24 00:49:13,685 INFO o.a.j.r.d.JsonExporter: Checking output folder
2026-04-24 00:49:13,686 INFO o.a.j.r.d.JsonExporter: Writing statistics JSON to F:\Capgemini\all-concepts\report\statistics.json
2026-04-24 00:49:13,714 INFO o.a.j.r.d.ReportGenerator: Exporting data using exporter:'html' of className:'org.apache.jmeter.report.dashboard.HtmlTemplateExporter'
2026-04-24 00:49:13,716 INFO o.a.j.r.d.HtmlTemplateExporter: Will generate dashboard in folder: F:\Capgemini\all-concepts\report
2026-04-24 00:49:13,777 INFO o.a.j.r.d.HtmlTemplateExporter: Report will be generated in: F:\Capgemini\all-concepts\report, creating folder structure
2026-04-24 00:49:13,778 INFO o.a.j.r.d.TemplateVisitor: Copying folder from 'C:\Users\ASUS\Downloads\apache-jmeter-5.6.3\apache-jmeter-5.6.3\bin\report-template' to 'F:\Capgemini\all-concepts\report', got message: F:\Capgemini\all-concepts\report, found non empty folder with following content [F:\Capgemini\all-concepts\report\statistics.json], will be ignored
2026-04-24 00:49:14,002 INFO o.a.j.JMeter: Dashboard generated
